c:\users\víctor masó\documents\github\sonic-pinball-party\spp\debug\vc141.pdb
c:\users\víctor masó\documents\github\sonic-pinball-party\spp\debug\vc141.idb
c:\users\víctor masó\documents\github\sonic-pinball-party\spp\debug\application.obj
c:\users\víctor masó\documents\github\sonic-pinball-party\spp\debug\log.obj
c:\users\víctor masó\documents\github\sonic-pinball-party\spp\debug\main.obj
c:\users\víctor masó\documents\github\sonic-pinball-party\spp\debug\moduleaudio.obj
c:\users\víctor masó\documents\github\sonic-pinball-party\spp\debug\moduleinput.obj
c:\users\víctor masó\documents\github\sonic-pinball-party\spp\debug\modulephysics.obj
c:\users\víctor masó\documents\github\sonic-pinball-party\spp\debug\moduleplayer.obj
c:\users\víctor masó\documents\github\sonic-pinball-party\spp\debug\modulerender.obj
c:\users\víctor masó\documents\github\sonic-pinball-party\spp\debug\moduletextures.obj
c:\users\víctor masó\documents\github\sonic-pinball-party\spp\debug\modulewindow.obj
c:\users\víctor masó\documents\github\sonic-pinball-party\spp\debug\modulesceneintro.obj
c:\users\víctor masó\documents\github\sonic-pinball-party\spp\debug\2d physics - class 4.ilk
c:\users\víctor masó\documents\github\sonic-pinball-party\spp\debug\2d physics - class 4.exe
c:\users\víctor masó\documents\github\sonic-pinball-party\spp\debug\2d physics - class 4.pdb
c:\users\víctor masó\documents\github\sonic-pinball-party\spp\debug\2d physi.746cc4c3.tlog\cl.command.1.tlog
c:\users\víctor masó\documents\github\sonic-pinball-party\spp\debug\2d physi.746cc4c3.tlog\cl.read.1.tlog
c:\users\víctor masó\documents\github\sonic-pinball-party\spp\debug\2d physi.746cc4c3.tlog\cl.write.1.tlog
c:\users\víctor masó\documents\github\sonic-pinball-party\spp\debug\2d physi.746cc4c3.tlog\link.command.1.tlog
c:\users\víctor masó\documents\github\sonic-pinball-party\spp\debug\2d physi.746cc4c3.tlog\link.read.1.tlog
c:\users\víctor masó\documents\github\sonic-pinball-party\spp\debug\2d physi.746cc4c3.tlog\link.write.1.tlog
