  ModuleSceneIntro.cpp
j:\github\sonic-pinball-party\spp\modulesceneintro.cpp(685): warning C4244: 'argumento': conversión de 'int' a 'float32'; posible pérdida de datos
j:\github\sonic-pinball-party\spp\modulesceneintro.cpp(712): warning C4244: 'argumento': conversión de 'int' a 'float32'; posible pérdida de datos
j:\github\sonic-pinball-party\spp\modulesceneintro.cpp(739): warning C4244: 'argumento': conversión de 'int' a 'float32'; posible pérdida de datos
j:\github\sonic-pinball-party\spp\modulesceneintro.cpp(792): warning C4244: 'argumento': conversión de 'int' a 'float32'; posible pérdida de datos
j:\github\sonic-pinball-party\spp\modulesceneintro.cpp(822): warning C4244: 'argumento': conversión de 'int' a 'float32'; posible pérdida de datos
c:\program files (x86)\microsoft visual studio\2017\community\vc\tools\msvc\14.11.25503\include\limits(211): warning C4577: si se usa 'noexcept' sin ningún modo de control de excepciones especificado, la finalización de la excepción no está garantizada. Especifique /EHsc
  Generando código...
  Compilando...
  ModuleUI.cpp
j:\github\sonic-pinball-party\spp\moduleui.cpp(154): warning C4018: '<': no coinciden signed/unsigned
c:\program files (x86)\microsoft visual studio\2017\community\vc\tools\msvc\14.11.25503\include\limits(211): warning C4577: si se usa 'noexcept' sin ningún modo de control de excepciones especificado, la finalización de la excepción no está garantizada. Especifique /EHsc
  ModulePlayer.cpp
j:\github\sonic-pinball-party\spp\moduleplayer.cpp(86): warning C4244: 'argumento': conversión de 'float32' a 'int'; posible pérdida de datos
j:\github\sonic-pinball-party\spp\moduleplayer.cpp(89): warning C4244: 'argumento': conversión de 'float32' a 'int'; posible pérdida de datos
c:\program files (x86)\microsoft visual studio\2017\community\vc\tools\msvc\14.11.25503\include\limits(211): warning C4577: si se usa 'noexcept' sin ningún modo de control de excepciones especificado, la finalización de la excepción no está garantizada. Especifique /EHsc
  Application.cpp
c:\program files (x86)\microsoft visual studio\2017\community\vc\tools\msvc\14.11.25503\include\limits(211): warning C4577: si se usa 'noexcept' sin ningún modo de control de excepciones especificado, la finalización de la excepción no está garantizada. Especifique /EHsc
  Generando código...
  SDL Game.vcxproj -> J:\Github\Sonic-Pinball-Party\SPP\Debug\2D Physics - class 4.exe
  SDL Game.vcxproj -> J:\Github\Sonic-Pinball-Party\SPP\Debug\2D Physics - class 4.pdb (Partial PDB)
